Looking for git in: git
Using git 2.25.1 from git
> git rev-parse --git-dir
Open repository: /home/yaya/Desktop/projects/CEF440_COVID_Digital_Platform
> git status -z -u
> git symbolic-ref --short HEAD
> git for-each-ref --format=%(refname)%00%(upstream:short)%00%(upstream:track)%00%(objectname) refs/heads/Group6_Distribution refs/remotes/Group6_Distribution
> git for-each-ref --sort -committerdate --format %(refname) %(objectname) %(*objectname)
> git remote --verbose
> git config --get commit.template
> git check-ignore -v -z --stdin
> git check-ignore -v -z --stdin
> git check-ignore -v -z --stdin
> git check-ignore -v -z --stdin
> git log --format=%H%n%aN%n%aE%n%at%n%ct%n%P%n%B -z -n21 -- /home/yaya/Desktop/projects/CEF440_COVID_Digital_Platform/build/classes/distribution/distributionTable.class
> git status -z -u
> git symbolic-ref --short HEAD
> git for-each-ref --format=%(refname)%00%(upstream:short)%00%(upstream:track)%00%(objectname) refs/heads/Group6_Distribution refs/remotes/Group6_Distribution
> git for-each-ref --sort -committerdate --format %(refname) %(objectname) %(*objectname)
> git remote --verbose
> git config --get commit.template
> git check-ignore -v -z --stdin
> git check-ignore -v -z --stdin
> git show --textconv :src/distribution/distributionTable.java
> git ls-files --stage -- /home/yaya/Desktop/projects/CEF440_COVID_Digital_Platform/src/distribution/distributionTable.java
> git cat-file -s bececd1208a6259524265f78601b3e2ee2b8fc2f
> git check-ignore -v -z --stdin
> git check-ignore -v -z --stdin
> git show --textconv :WebContent/WEB-INF/Table.jsp
> git ls-files --stage -- /home/yaya/Desktop/projects/CEF440_COVID_Digital_Platform/WebContent/WEB-INF/Table.jsp
> git cat-file -s 1fdc28c8ba27f8a4efc4f1867b9b5798c0ede7ee
> git status -z -u
> git symbolic-ref --short HEAD
> git for-each-ref --format=%(refname)%00%(upstream:short)%00%(upstream:track)%00%(objectname) refs/heads/Group6_Distribution refs/remotes/Group6_Distribution
> git for-each-ref --sort -committerdate --format %(refname) %(objectname) %(*objectname)
> git remote --verbose
> git config --get commit.template
> git status -z -u
> git symbolic-ref --short HEAD
> git for-each-ref --format=%(refname)%00%(upstream:short)%00%(upstream:track)%00%(objectname) refs/heads/Group6_Distribution refs/remotes/Group6_Distribution
> git for-each-ref --sort -committerdate --format %(refname) %(objectname) %(*objectname)
> git remote --verbose
> git config --get commit.template
> git check-ignore -v -z --stdin
> git show --textconv :.vscode/launch.json
> git ls-files --stage -- /home/yaya/Desktop/projects/CEF440_COVID_Digital_Platform/.vscode/launch.json
> git check-ignore -v -z --stdin
> git status -z -u
> git symbolic-ref --short HEAD
> git for-each-ref --format=%(refname)%00%(upstream:short)%00%(upstream:track)%00%(objectname) refs/heads/Group6_Distribution refs/remotes/Group6_Distribution
> git for-each-ref --sort -committerdate --format %(refname) %(objectname) %(*objectname)
> git remote --verbose
> git config --get commit.template
> git status -z -u
> git symbolic-ref --short HEAD
> git for-each-ref --format=%(refname)%00%(upstream:short)%00%(upstream:track)%00%(objectname) refs/heads/Group6_Distribution refs/remotes/Group6_Distribution
> git for-each-ref --sort -committerdate --format %(refname) %(objectname) %(*objectname)
> git remote --verbose
> git config --get commit.template
> git show --textconv :.vscode/launch.json
> git ls-files --stage -- /home/yaya/Desktop/projects/CEF440_COVID_Digital_Platform/.vscode/launch.json
> git status -z -u
> git symbolic-ref --short HEAD
> git for-each-ref --format=%(refname)%00%(upstream:short)%00%(upstream:track)%00%(objectname) refs/heads/Group6_Distribution refs/remotes/Group6_Distribution
> git for-each-ref --sort -committerdate --format %(refname) %(objectname) %(*objectname)
> git remote --verbose
> git config --get commit.template
> git show --textconv :.vscode/launch.json
> git ls-files --stage -- /home/yaya/Desktop/projects/CEF440_COVID_Digital_Platform/.vscode/launch.json
> git show --textconv :WebContent/WEB-INF/Table.jsp
> git ls-files --stage -- /home/yaya/Desktop/projects/CEF440_COVID_Digital_Platform/WebContent/WEB-INF/Table.jsp
> git cat-file -s 1fdc28c8ba27f8a4efc4f1867b9b5798c0ede7ee
> git show --textconv :~/.vscode-root/User/workspaceStorage/85b4b233d13fcde2d7d51b747198250a/workspace.json
> git ls-files --stage -- /home/yaya/Desktop/projects/CEF440_COVID_Digital_Platform/~/.vscode-root/User/workspaceStorage/85b4b233d13fcde2d7d51b747198250a/workspace.json
> git check-ignore -v -z --stdin
> git show --textconv :.settings/org.eclipse.wst.jsdt.ui.superType.container
> git ls-files --stage -- /home/yaya/Desktop/projects/CEF440_COVID_Digital_Platform/.settings/org.eclipse.wst.jsdt.ui.superType.container
> git cat-file -s 3bd5d0a4803967bc0bf72a7dd66d7e292ed2e586
> git check-ignore -v -z --stdin
> git show --textconv :.vscode/settings.json
> git ls-files --stage -- /home/yaya/Desktop/projects/CEF440_COVID_Digital_Platform/.vscode/settings.json
> git check-ignore -v -z --stdin
> git status -z -u
> git symbolic-ref --short HEAD
> git for-each-ref --format=%(refname)%00%(upstream:short)%00%(upstream:track)%00%(objectname) refs/heads/Group6_Distribution refs/remotes/Group6_Distribution
> git for-each-ref --sort -committerdate --format %(refname) %(objectname) %(*objectname)
> git remote --verbose
> git config --get commit.template
> git status -z -u
> git symbolic-ref --short HEAD
> git for-each-ref --format=%(refname)%00%(upstream:short)%00%(upstream:track)%00%(objectname) refs/heads/Group6_Distribution refs/remotes/Group6_Distribution
> git for-each-ref --sort -committerdate --format %(refname) %(objectname) %(*objectname)
> git remote --verbose
> git config --get commit.template
> git log --format=%H%n%aN%n%aE%n%at%n%ct%n%P%n%B -z -n21 -- /home/yaya/Desktop/projects/CEF440_COVID_Digital_Platform/.vscode/settings.json
> git status -z -u
> git symbolic-ref --short HEAD
> git for-each-ref --format=%(refname)%00%(upstream:short)%00%(upstream:track)%00%(objectname) refs/heads/Group6_Distribution refs/remotes/Group6_Distribution
> git for-each-ref --sort -committerdate --format %(refname) %(objectname) %(*objectname)
> git remote --verbose
> git config --get commit.template
> git show --textconv :.settings/org.eclipse.wst.jsdt.ui.superType.container
> git ls-files --stage -- /home/yaya/Desktop/projects/CEF440_COVID_Digital_Platform/.settings/org.eclipse.wst.jsdt.ui.superType.container
> git cat-file -s 3bd5d0a4803967bc0bf72a7dd66d7e292ed2e586
> git check-ignore -v -z --stdin
> git show --textconv :~/.vscode-root/User/workspaceStorage/85b4b233d13fcde2d7d51b747198250a/workspace.json
> git ls-files --stage -- /home/yaya/Desktop/projects/CEF440_COVID_Digital_Platform/~/.vscode-root/User/workspaceStorage/85b4b233d13fcde2d7d51b747198250a/workspace.json
> git check-ignore -v -z --stdin
> git show --textconv :WebContent/WEB-INF/Table.jsp
> git ls-files --stage -- /home/yaya/Desktop/projects/CEF440_COVID_Digital_Platform/WebContent/WEB-INF/Table.jsp
> git cat-file -s 1fdc28c8ba27f8a4efc4f1867b9b5798c0ede7ee
> git status -z -u
> git symbolic-ref --short HEAD
> git for-each-ref --format=%(refname)%00%(upstream:short)%00%(upstream:track)%00%(objectname) refs/heads/Group6_Distribution refs/remotes/Group6_Distribution
> git for-each-ref --sort -committerdate --format %(refname) %(objectname) %(*objectname)
> git remote --verbose
> git config --get commit.template
> git status -z -u
> git symbolic-ref --short HEAD
> git for-each-ref --format=%(refname)%00%(upstream:short)%00%(upstream:track)%00%(objectname) refs/heads/Group6_Distribution refs/remotes/Group6_Distribution
> git for-each-ref --sort -committerdate --format %(refname) %(objectname) %(*objectname)
> git remote --verbose
> git config --get commit.template
> git status -z -u
> git symbolic-ref --short HEAD
> git for-each-ref --format=%(refname)%00%(upstream:short)%00%(upstream:track)%00%(objectname) refs/heads/Group6_Distribution refs/remotes/Group6_Distribution
> git for-each-ref --sort -committerdate --format %(refname) %(objectname) %(*objectname)
> git remote --verbose
> git config --get commit.template
> git status -z -u
> git symbolic-ref --short HEAD
> git for-each-ref --format=%(refname)%00%(upstream:short)%00%(upstream:track)%00%(objectname) refs/heads/Group6_Distribution refs/remotes/Group6_Distribution
> git for-each-ref --sort -committerdate --format %(refname) %(objectname) %(*objectname)
> git remote --verbose
> git config --get commit.template
> git status -z -u
> git symbolic-ref --short HEAD
> git for-each-ref --format=%(refname)%00%(upstream:short)%00%(upstream:track)%00%(objectname) refs/heads/Group6_Distribution refs/remotes/Group6_Distribution
> git for-each-ref --sort -committerdate --format %(refname) %(objectname) %(*objectname)
> git remote --verbose
> git config --get commit.template
